[2024-11-29T18:30:08.918475+01:00] LogWorkerDB.ERROR: Error connection db:  [] []
[2024-11-29T18:33:12.116332+01:00] LogWorkerDB.ERROR: Error connection db:  [] []
[2024-11-29T18:33:20.454803+01:00] LogWorkerDB.ERROR: Error connection db:  [] []
[2024-11-29T18:33:41.159698+01:00] LogWorkerDB.ERROR: Error connection db:  [] []
[2024-11-29T18:33:42.375579+01:00] LogWorkerDB.ERROR: Error connection db:  [] []
[2024-11-29T18:33:42.565563+01:00] LogWorkerDB.ERROR: Error connection db:  [] []
[2024-11-29T18:33:42.796422+01:00] LogWorkerDB.ERROR: Error connection db:  [] []
[2024-11-29T18:33:42.968271+01:00] LogWorkerDB.ERROR: Error connection db:  [] []
[2024-11-29T18:33:43.172039+01:00] LogWorkerDB.ERROR: Error connection db:  [] []
[2024-11-29T18:34:43.466898+01:00] LogWorkerDB.ERROR: Error connection db:  [] []
[2024-11-29T18:37:49.734984+01:00] LogWorkerDB.ERROR: Error connection db:  [] []
[2024-11-29T18:39:12.217347+01:00] LogWorkerDB.ERROR: Error connection db:  [] []
[2024-11-29T18:42:22.830329+01:00] LogWorkerDB.ERROR: Error connection db:  [] []
[2024-11-29T18:42:23.863168+01:00] LogWorkerDB.ERROR: Error connection db:  [] []
[2024-11-29T18:42:24.086774+01:00] LogWorkerDB.ERROR: Error connection db:  [] []
[2024-11-29T18:42:24.319820+01:00] LogWorkerDB.ERROR: Error connection db:  [] []
[2024-11-29T18:42:24.536921+01:00] LogWorkerDB.ERROR: Error connection db:  [] []
[2024-11-29T18:42:24.744294+01:00] LogWorkerDB.ERROR: Error connection db:  [] []
[2024-11-29T18:42:24.943864+01:00] LogWorkerDB.ERROR: Error connection db:  [] []
[2024-11-29T18:42:25.156905+01:00] LogWorkerDB.ERROR: Error connection db:  [] []
[2024-11-29T18:43:14.667255+01:00] LogWorkerDB.ERROR: Error connection db:  [] []
[2024-11-29T18:44:21.848104+01:00] LogWorkerDB.ERROR: Error connection db: Access denied for user 'root'@'localhost' (using password: YES) [] []
[2024-11-29T18:46:56.024732+01:00] LogWorkerDB.INFO: Connection succesfully [] []
[2024-11-29T18:46:56.030568+01:00] LogWorkerDB.INFO: Record inserted succesfully [] []
[2024-11-29T18:48:06.323926+01:00] LogWorkerDB.INFO: Connection succesfully [] []
[2024-11-29T18:48:06.326037+01:00] LogWorkerDB.ERROR: Error inserting a record [] []
[2024-11-29T18:49:44.098527+01:00] LogWorkerDB.INFO: Connection succesfully [] []
[2024-11-29T18:49:44.101248+01:00] LogWorkerDB.ERROR: Error inserting a record: Duplicate entry '71111111D' for key 'PRIMARY' [] []
[2024-11-29T18:51:49.276798+01:00] LogWorkerDB.INFO: Connection succesfully [] []
[2024-11-29T18:51:49.279426+01:00] LogWorkerDB.ERROR: Error inserting a record: Duplicate entry '71111111D' for key 'PRIMARY' [] []
[2024-11-29T18:52:06.352905+01:00] LogWorkerDB.INFO: Connection succesfully [] []
[2024-11-29T18:52:06.355120+01:00] LogWorkerDB.ERROR: Error inserting a record: Duplicate entry '71111111D' for key 'PRIMARY' [] []
[2024-11-29T18:52:29.611269+01:00] LogWorkerDB.INFO: Connection succesfully [] []
[2024-11-29T18:52:29.612791+01:00] LogWorkerDB.ERROR: Error inserting a record: Duplicate entry '71111111D' for key 'PRIMARY' [] []
[2024-11-29T18:52:30.498023+01:00] LogWorkerDB.INFO: Connection succesfully [] []
[2024-11-29T18:52:30.499443+01:00] LogWorkerDB.ERROR: Error inserting a record: Duplicate entry '71111111D' for key 'PRIMARY' [] []
